<?xml version="1.0" encoding="UTF-8"?>
<robot generator="Robot 7.2.2 (Python 3.12.10 on win32)" generated="2025-11-22T21:27:32.000223" rpa="false" schemaversion="5">
<suite id="s1" name="Preenchimento Incorreto" source="c:\Users\rafae\OneDrive\Área de Trabalho\Curso-Robot\testes\preenchimento_incorreto.robot">
<test id="s1-t1" name="Verificar se quando um campo obrigatório não for preenchido corretamente o sistema exibe uma mensagem de campo obrigatório" line="9">
<kw name="Dado que eu acesse o Organo" owner="setup_teardown" type="SETUP">
<kw name="Open Browser" owner="SeleniumLibrary">
<msg time="2025-11-22T21:27:32.278670" level="INFO">Opening browser 'Chrome' to base url 'http://localhost:3000/'.</msg>
<arg>url=http://localhost:3000/</arg>
<arg>browser=Chrome</arg>
<doc>Opens a new browser instance to the optional ``url``.</doc>
<status status="PASS" start="2025-11-22T21:27:32.277586" elapsed="2.648396"/>
</kw>
<status status="PASS" start="2025-11-22T21:27:32.276419" elapsed="2.651004"/>
</kw>
<kw name="Dado que eu clique no botão &quot;Criar Card&quot;" owner="cadastro">
<kw name="Click Element" owner="SeleniumLibrary">
<msg time="2025-11-22T21:27:34.929754" level="INFO">Clicking element 'id:form-botao'.</msg>
<arg>${BOTAO_CARD}</arg>
<doc>Click the element identified by ``locator``.</doc>
<status status="PASS" start="2025-11-22T21:27:34.929754" elapsed="0.134681"/>
</kw>
<status status="PASS" start="2025-11-22T21:27:34.928615" elapsed="0.137115"/>
</kw>
<kw name="Então sistema deve apresentar mensagem de campo obrigatório" owner="cadastro">
<kw name="Element Should Be Visible" owner="SeleniumLibrary">
<msg time="2025-11-22T21:27:35.098942" level="INFO">Element 'id:form-nome-erro' is displayed.</msg>
<arg>id:form-nome-erro</arg>
<doc>Verifies that the element identified by ``locator`` is visible.</doc>
<status status="PASS" start="2025-11-22T21:27:35.066825" elapsed="0.032117"/>
</kw>
<kw name="Element Should Be Visible" owner="SeleniumLibrary">
<msg time="2025-11-22T21:27:35.141429" level="INFO">Element 'id:form-cargo-erro' is displayed.</msg>
<arg>id:form-cargo-erro</arg>
<doc>Verifies that the element identified by ``locator`` is visible.</doc>
<status status="PASS" start="2025-11-22T21:27:35.099947" elapsed="0.041482"/>
</kw>
<kw name="Element Should Be Visible" owner="SeleniumLibrary">
<msg time="2025-11-22T21:27:35.160531" level="INFO">Element 'id:form-times-erro' is displayed.</msg>
<arg>id:form-times-erro</arg>
<doc>Verifies that the element identified by ``locator`` is visible.</doc>
<status status="PASS" start="2025-11-22T21:27:35.141429" elapsed="0.019102"/>
</kw>
<status status="PASS" start="2025-11-22T21:27:35.065730" elapsed="0.094801"/>
</kw>
<kw name="Fechar o navegador" owner="setup_teardown" type="TEARDOWN">
<kw name="Close Browser" owner="SeleniumLibrary">
<doc>Closes the current browser.</doc>
<status status="PASS" start="2025-11-22T21:27:35.161767" elapsed="2.322950"/>
</kw>
<status status="PASS" start="2025-11-22T21:27:35.161767" elapsed="2.324404"/>
</kw>
<status status="PASS" start="2025-11-22T21:27:32.275190" elapsed="5.210981"/>
</test>
<status status="PASS" start="2025-11-22T21:27:32.010382" elapsed="5.478204"/>
</suite>
<statistics>
<total>
<stat pass="1" fail="0" skip="0">All Tests</stat>
</total>
<tag>
</tag>
<suite>
<stat name="Preenchimento Incorreto" id="s1" pass="1" fail="0" skip="0">Preenchimento Incorreto</stat>
</suite>
</statistics>
<errors>
</errors>
</robot>
