<?xml version="1.0" encoding="UTF-8"?>
<robot generator="Robot 7.2.2 (Python 3.12.8 on win32)" generated="2025-05-11T21:31:37.047745" rpa="false" schemaversion="5">
<suite id="s1" name="Preenchimento Incorreto" source="C:\Users\rafae\OneDrive\Área de Trabalho\Curso-Robot\preenchimento_incorreto.robot">
<test id="s1-t1" name="Verificar se quando um campo obrigatório não for preenchido corretamente o sistema exibe uma mensagem de campo obrigatório" line="11">
<kw name="Dado que eu acesse o Organo" owner="setup_teardown" type="SETUP">
<kw name="Open Browser" owner="SeleniumLibrary">
<msg time="2025-05-11T21:31:37.443462" level="INFO">Opening browser 'Chrome' to base url 'http://localhost:3000/'.</msg>
<arg>url=http://localhost:3000/</arg>
<arg>browser=Chrome</arg>
<doc>Opens a new browser instance to the optional ``url``.</doc>
<status status="PASS" start="2025-05-11T21:31:37.443462" elapsed="5.660435"/>
</kw>
<status status="PASS" start="2025-05-11T21:31:37.442338" elapsed="5.662702"/>
</kw>
<kw name="Dado que eu clique no botão &quot;Criar Card&quot;">
<kw name="Click Element" owner="SeleniumLibrary">
<msg time="2025-05-11T21:31:43.109453" level="INFO">Clicking element 'id:form-botao'.</msg>
<arg>${BOTAO_CARD}</arg>
<doc>Click the element identified by ``locator``.</doc>
<status status="PASS" start="2025-05-11T21:31:43.108354" elapsed="0.701956"/>
</kw>
<status status="PASS" start="2025-05-11T21:31:43.107280" elapsed="0.704259"/>
</kw>
<kw name="Então sistema deve apresentar mensagem de campo obrigatório">
<kw name="Element Should Be Visible" owner="SeleniumLibrary">
<msg time="2025-05-11T21:31:43.963714" level="INFO">Element 'id:form-nome-erro' is displayed.</msg>
<arg>id:form-nome-erro</arg>
<doc>Verifies that the element identified by ``locator`` is visible.</doc>
<status status="PASS" start="2025-05-11T21:31:43.816583" elapsed="0.147131"/>
</kw>
<kw name="Element Should Be Visible" owner="SeleniumLibrary">
<msg time="2025-05-11T21:31:44.081807" level="INFO">Element 'id:form-cargo-erro' is displayed.</msg>
<arg>id:form-cargo-erro</arg>
<doc>Verifies that the element identified by ``locator`` is visible.</doc>
<status status="PASS" start="2025-05-11T21:31:43.965184" elapsed="0.117860"/>
</kw>
<kw name="Element Should Be Visible" owner="SeleniumLibrary">
<msg time="2025-05-11T21:31:44.180094" level="INFO">Element 'id:form-times-erro' is displayed.</msg>
<arg>id:form-times-erro</arg>
<doc>Verifies that the element identified by ``locator`` is visible.</doc>
<status status="PASS" start="2025-05-11T21:31:44.084108" elapsed="0.097488"/>
</kw>
<status status="PASS" start="2025-05-11T21:31:43.813594" elapsed="0.368002"/>
</kw>
<kw name="Fechar o navegador" owner="setup_teardown" type="TEARDOWN">
<kw name="Close Browser" owner="SeleniumLibrary">
<doc>Closes the current browser.</doc>
<status status="PASS" start="2025-05-11T21:31:44.185531" elapsed="3.030851"/>
</kw>
<status status="PASS" start="2025-05-11T21:31:44.184332" elapsed="3.032050"/>
</kw>
<status status="PASS" start="2025-05-11T21:31:37.441194" elapsed="9.775188"/>
</test>
<status status="PASS" start="2025-05-11T21:31:37.050004" elapsed="10.168829"/>
</suite>
<statistics>
<total>
<stat pass="1" fail="0" skip="0">All Tests</stat>
</total>
<tag>
</tag>
<suite>
<stat name="Preenchimento Incorreto" id="s1" pass="1" fail="0" skip="0">Preenchimento Incorreto</stat>
</suite>
</statistics>
<errors>
</errors>
</robot>
